2022-02-09 09:06:47,397 [1] INFO  Photon.NameServer.PhotonApp - Initializing ...
2022-02-09 09:06:47,407 [1] INFO  Photon.NameServer.PhotonApp - ServicePointManager.DefaultConnectionLimit=2147483647
2022-02-09 09:06:47,407 [1] INFO  Photon.NameServer.PhotonApp - TokenCreator initialized with an expiration of 00:30:00
2022-02-09 09:06:47,897 [1] INFO  Photon.Common.Authentication.Diagnostic.CustomAuthResultCounters - Performance counters successfully initialized: instanceName=LoadBalancing_Custom
2022-02-09 09:06:48,009 [1] INFO  Photon.SocketServer.Diagnostics.HttpQueuePerformanceCounters - Performance counters successfully initialized: instanceName=_Total
2022-02-09 09:06:48,122 [1] INFO  Photon.SocketServer.Diagnostics.HttpQueuePerformanceCounters - Performance counters successfully initialized: instanceName=LoadBalancing_Custom
2022-02-09 09:06:48,232 [1] INFO  Photon.Common.Authentication.Diagnostic.CustomAuthResultCounters - Performance counters successfully initialized: instanceName=LoadBalancing_Facebook
2022-02-09 09:06:48,344 [1] INFO  Photon.SocketServer.Diagnostics.HttpQueuePerformanceCounters - Performance counters successfully initialized: instanceName=LoadBalancing_Facebook
2022-02-09 09:06:48,457 [1] INFO  Photon.Common.Authentication.Diagnostic.CustomAuthResultCounters - Performance counters successfully initialized: instanceName=LoadBalancing_Oculus
2022-02-09 09:06:48,567 [1] INFO  Photon.SocketServer.Diagnostics.HttpQueuePerformanceCounters - Performance counters successfully initialized: instanceName=LoadBalancing_Oculus
2022-02-09 09:06:48,688 [1] INFO  Photon.Common.Authentication.Diagnostic.CustomAuthResultCounters - Performance counters successfully initialized: instanceName=LoadBalancing_Steam
2022-02-09 09:06:48,795 [1] INFO  Photon.SocketServer.Diagnostics.HttpQueuePerformanceCounters - Performance counters successfully initialized: instanceName=LoadBalancing_Steam
2022-02-09 09:06:48,897 [1] INFO  Photon.Common.Authentication.Diagnostic.CustomAuthResultCounters - Performance counters successfully initialized: instanceName=LoadBalancing_Viveport
2022-02-09 09:06:49,003 [1] INFO  Photon.SocketServer.Diagnostics.HttpQueuePerformanceCounters - Performance counters successfully initialized: instanceName=LoadBalancing_Viveport
2022-02-09 09:06:49,108 [1] INFO  Photon.SocketServer.ApplicationBase - Application start: AppId=NameServer; AppPath=D:\Photon-Server-Test\photon-server-plugin-sdk_v5-0-12-24499-rc1\deploy\NameServer, Type=Photon.NameServer.PhotonApp 
2022-02-09 09:06:49,108 [1] INFO  Photon.SocketServer.ApplicationBase - Using Server GC:True
2022-02-09 09:06:49,108 [1] INFO  Photon.SocketServer.ApplicationBase - Using GC LatencyMode:Interactive
2022-02-09 09:35:16,624 [1] INFO  Photon.SocketServer.ApplicationBase - Application is stopping: AppId=NameServer
2022-02-09 09:35:16,629 [1] INFO  Photon.SocketServer.ApplicationBase - Application stop: AppId=NameServer
2022-02-09 09:35:27,666 [1] INFO  Photon.NameServer.PhotonApp - Initializing ...
2022-02-09 09:35:27,673 [1] INFO  Photon.NameServer.PhotonApp - ServicePointManager.DefaultConnectionLimit=2147483647
2022-02-09 09:35:27,679 [1] INFO  Photon.NameServer.PhotonApp - TokenCreator initialized with an expiration of 00:30:00
2022-02-09 09:35:28,133 [1] INFO  Photon.Common.Authentication.Diagnostic.CustomAuthResultCounters - Performance counters successfully initialized: instanceName=LoadBalancing_Custom
2022-02-09 09:35:28,246 [1] INFO  Photon.SocketServer.Diagnostics.HttpQueuePerformanceCounters - Performance counters successfully initialized: instanceName=_Total
2022-02-09 09:35:28,355 [1] INFO  Photon.SocketServer.Diagnostics.HttpQueuePerformanceCounters - Performance counters successfully initialized: instanceName=LoadBalancing_Custom
2022-02-09 09:35:28,465 [1] INFO  Photon.Common.Authentication.Diagnostic.CustomAuthResultCounters - Performance counters successfully initialized: instanceName=LoadBalancing_Facebook
2022-02-09 09:35:28,576 [1] INFO  Photon.SocketServer.Diagnostics.HttpQueuePerformanceCounters - Performance counters successfully initialized: instanceName=LoadBalancing_Facebook
2022-02-09 09:35:28,688 [1] INFO  Photon.Common.Authentication.Diagnostic.CustomAuthResultCounters - Performance counters successfully initialized: instanceName=LoadBalancing_Oculus
2022-02-09 09:35:28,798 [1] INFO  Photon.SocketServer.Diagnostics.HttpQueuePerformanceCounters - Performance counters successfully initialized: instanceName=LoadBalancing_Oculus
2022-02-09 09:35:28,910 [1] INFO  Photon.Common.Authentication.Diagnostic.CustomAuthResultCounters - Performance counters successfully initialized: instanceName=LoadBalancing_Steam
2022-02-09 09:35:29,020 [1] INFO  Photon.SocketServer.Diagnostics.HttpQueuePerformanceCounters - Performance counters successfully initialized: instanceName=LoadBalancing_Steam
2022-02-09 09:35:29,130 [1] INFO  Photon.Common.Authentication.Diagnostic.CustomAuthResultCounters - Performance counters successfully initialized: instanceName=LoadBalancing_Viveport
2022-02-09 09:35:29,238 [1] INFO  Photon.SocketServer.Diagnostics.HttpQueuePerformanceCounters - Performance counters successfully initialized: instanceName=LoadBalancing_Viveport
2022-02-09 09:35:29,346 [1] INFO  Photon.SocketServer.ApplicationBase - Application start: AppId=NameServer; AppPath=D:\Photon-Server-Test\photon-server-plugin-sdk_v5-0-12-24499-rc1\deploy\NameServer, Type=Photon.NameServer.PhotonApp 
2022-02-09 09:35:29,346 [1] INFO  Photon.SocketServer.ApplicationBase - Using Server GC:True
2022-02-09 09:35:29,346 [1] INFO  Photon.SocketServer.ApplicationBase - Using GC LatencyMode:Interactive
2022-02-09 09:41:30,764 [1] INFO  Photon.SocketServer.ApplicationBase - Application is stopping: AppId=NameServer
2022-02-09 09:41:30,770 [1] INFO  Photon.SocketServer.ApplicationBase - Application stop: AppId=NameServer
2022-02-09 09:41:44,273 [1] INFO  Photon.NameServer.PhotonApp - Initializing ...
2022-02-09 09:41:44,281 [1] INFO  Photon.NameServer.PhotonApp - ServicePointManager.DefaultConnectionLimit=2147483647
2022-02-09 09:41:44,286 [1] INFO  Photon.NameServer.PhotonApp - TokenCreator initialized with an expiration of 00:30:00
2022-02-09 09:41:44,714 [1] INFO  Photon.Common.Authentication.Diagnostic.CustomAuthResultCounters - Performance counters successfully initialized: instanceName=LoadBalancing_Custom
2022-02-09 09:41:44,822 [1] INFO  Photon.SocketServer.Diagnostics.HttpQueuePerformanceCounters - Performance counters successfully initialized: instanceName=_Total
2022-02-09 09:41:44,929 [1] INFO  Photon.SocketServer.Diagnostics.HttpQueuePerformanceCounters - Performance counters successfully initialized: instanceName=LoadBalancing_Custom
2022-02-09 09:41:45,039 [1] INFO  Photon.Common.Authentication.Diagnostic.CustomAuthResultCounters - Performance counters successfully initialized: instanceName=LoadBalancing_Facebook
2022-02-09 09:41:45,147 [1] INFO  Photon.SocketServer.Diagnostics.HttpQueuePerformanceCounters - Performance counters successfully initialized: instanceName=LoadBalancing_Facebook
2022-02-09 09:41:45,256 [1] INFO  Photon.Common.Authentication.Diagnostic.CustomAuthResultCounters - Performance counters successfully initialized: instanceName=LoadBalancing_Oculus
2022-02-09 09:41:45,366 [1] INFO  Photon.SocketServer.Diagnostics.HttpQueuePerformanceCounters - Performance counters successfully initialized: instanceName=LoadBalancing_Oculus
2022-02-09 09:41:45,478 [1] INFO  Photon.Common.Authentication.Diagnostic.CustomAuthResultCounters - Performance counters successfully initialized: instanceName=LoadBalancing_Steam
2022-02-09 09:41:45,588 [1] INFO  Photon.SocketServer.Diagnostics.HttpQueuePerformanceCounters - Performance counters successfully initialized: instanceName=LoadBalancing_Steam
2022-02-09 09:41:45,696 [1] INFO  Photon.Common.Authentication.Diagnostic.CustomAuthResultCounters - Performance counters successfully initialized: instanceName=LoadBalancing_Viveport
2022-02-09 09:41:45,804 [1] INFO  Photon.SocketServer.Diagnostics.HttpQueuePerformanceCounters - Performance counters successfully initialized: instanceName=LoadBalancing_Viveport
2022-02-09 09:41:45,911 [1] INFO  Photon.SocketServer.ApplicationBase - Application start: AppId=NameServer; AppPath=D:\Photon-Server-Test\photon-server-plugin-sdk_v5-0-12-24499-rc1\deploy\NameServer, Type=Photon.NameServer.PhotonApp 
2022-02-09 09:41:45,911 [1] INFO  Photon.SocketServer.ApplicationBase - Using Server GC:True
2022-02-09 09:41:45,911 [1] INFO  Photon.SocketServer.ApplicationBase - Using GC LatencyMode:Interactive
2022-02-09 09:43:11,803 [1] INFO  Photon.SocketServer.ApplicationBase - Application is stopping: AppId=NameServer
2022-02-09 09:43:11,803 [1] INFO  Photon.SocketServer.ApplicationBase - Application stop: AppId=NameServer
2022-02-09 09:43:26,710 [1] INFO  Photon.NameServer.PhotonApp - Initializing ...
2022-02-09 09:43:26,726 [1] INFO  Photon.NameServer.PhotonApp - ServicePointManager.DefaultConnectionLimit=2147483647
2022-02-09 09:43:26,726 [1] INFO  Photon.NameServer.PhotonApp - TokenCreator initialized with an expiration of 00:30:00
2022-02-09 09:43:27,149 [1] INFO  Photon.Common.Authentication.Diagnostic.CustomAuthResultCounters - Performance counters successfully initialized: instanceName=LoadBalancing_Custom
2022-02-09 09:43:27,259 [1] INFO  Photon.SocketServer.Diagnostics.HttpQueuePerformanceCounters - Performance counters successfully initialized: instanceName=_Total
2022-02-09 09:43:27,369 [1] INFO  Photon.SocketServer.Diagnostics.HttpQueuePerformanceCounters - Performance counters successfully initialized: instanceName=LoadBalancing_Custom
2022-02-09 09:43:27,479 [1] INFO  Photon.Common.Authentication.Diagnostic.CustomAuthResultCounters - Performance counters successfully initialized: instanceName=LoadBalancing_Facebook
2022-02-09 09:43:27,588 [1] INFO  Photon.SocketServer.Diagnostics.HttpQueuePerformanceCounters - Performance counters successfully initialized: instanceName=LoadBalancing_Facebook
2022-02-09 09:43:27,698 [1] INFO  Photon.Common.Authentication.Diagnostic.CustomAuthResultCounters - Performance counters successfully initialized: instanceName=LoadBalancing_Oculus
2022-02-09 09:43:27,808 [1] INFO  Photon.SocketServer.Diagnostics.HttpQueuePerformanceCounters - Performance counters successfully initialized: instanceName=LoadBalancing_Oculus
2022-02-09 09:43:27,918 [1] INFO  Photon.Common.Authentication.Diagnostic.CustomAuthResultCounters - Performance counters successfully initialized: instanceName=LoadBalancing_Steam
2022-02-09 09:43:28,028 [1] INFO  Photon.SocketServer.Diagnostics.HttpQueuePerformanceCounters - Performance counters successfully initialized: instanceName=LoadBalancing_Steam
2022-02-09 09:43:28,138 [1] INFO  Photon.Common.Authentication.Diagnostic.CustomAuthResultCounters - Performance counters successfully initialized: instanceName=LoadBalancing_Viveport
2022-02-09 09:43:28,248 [1] INFO  Photon.SocketServer.Diagnostics.HttpQueuePerformanceCounters - Performance counters successfully initialized: instanceName=LoadBalancing_Viveport
2022-02-09 09:43:28,358 [1] INFO  Photon.SocketServer.ApplicationBase - Application start: AppId=NameServer; AppPath=D:\Photon-Server-Test\photon-server-plugin-sdk_v5-0-12-24499-rc1\deploy\NameServer, Type=Photon.NameServer.PhotonApp 
2022-02-09 09:43:28,358 [1] INFO  Photon.SocketServer.ApplicationBase - Using Server GC:True
2022-02-09 09:43:28,358 [1] INFO  Photon.SocketServer.ApplicationBase - Using GC LatencyMode:Interactive
2022-02-09 09:46:33,873 [1] INFO  Photon.SocketServer.ApplicationBase - Application is stopping: AppId=NameServer
2022-02-09 09:46:33,879 [1] INFO  Photon.SocketServer.ApplicationBase - Application stop: AppId=NameServer
2022-02-09 09:46:52,177 [1] INFO  Photon.NameServer.PhotonApp - Initializing ...
2022-02-09 09:46:52,184 [1] INFO  Photon.NameServer.PhotonApp - ServicePointManager.DefaultConnectionLimit=2147483647
2022-02-09 09:46:52,190 [1] INFO  Photon.NameServer.PhotonApp - TokenCreator initialized with an expiration of 00:30:00
2022-02-09 09:46:52,606 [1] INFO  Photon.Common.Authentication.Diagnostic.CustomAuthResultCounters - Performance counters successfully initialized: instanceName=LoadBalancing_Custom
2022-02-09 09:46:52,719 [1] INFO  Photon.SocketServer.Diagnostics.HttpQueuePerformanceCounters - Performance counters successfully initialized: instanceName=_Total
2022-02-09 09:46:52,827 [1] INFO  Photon.SocketServer.Diagnostics.HttpQueuePerformanceCounters - Performance counters successfully initialized: instanceName=LoadBalancing_Custom
2022-02-09 09:46:52,936 [1] INFO  Photon.Common.Authentication.Diagnostic.CustomAuthResultCounters - Performance counters successfully initialized: instanceName=LoadBalancing_Facebook
2022-02-09 09:46:53,045 [1] INFO  Photon.SocketServer.Diagnostics.HttpQueuePerformanceCounters - Performance counters successfully initialized: instanceName=LoadBalancing_Facebook
2022-02-09 09:46:53,154 [1] INFO  Photon.Common.Authentication.Diagnostic.CustomAuthResultCounters - Performance counters successfully initialized: instanceName=LoadBalancing_Oculus
2022-02-09 09:46:53,262 [1] INFO  Photon.SocketServer.Diagnostics.HttpQueuePerformanceCounters - Performance counters successfully initialized: instanceName=LoadBalancing_Oculus
2022-02-09 09:46:53,370 [1] INFO  Photon.Common.Authentication.Diagnostic.CustomAuthResultCounters - Performance counters successfully initialized: instanceName=LoadBalancing_Steam
2022-02-09 09:46:53,476 [1] INFO  Photon.SocketServer.Diagnostics.HttpQueuePerformanceCounters - Performance counters successfully initialized: instanceName=LoadBalancing_Steam
2022-02-09 09:46:53,583 [1] INFO  Photon.Common.Authentication.Diagnostic.CustomAuthResultCounters - Performance counters successfully initialized: instanceName=LoadBalancing_Viveport
2022-02-09 09:46:53,692 [1] INFO  Photon.SocketServer.Diagnostics.HttpQueuePerformanceCounters - Performance counters successfully initialized: instanceName=LoadBalancing_Viveport
2022-02-09 09:46:53,800 [1] INFO  Photon.SocketServer.ApplicationBase - Application start: AppId=NameServer; AppPath=D:\Photon-Server-Test\photon-server-plugin-sdk_v5-0-12-24499-rc1\deploy\NameServer, Type=Photon.NameServer.PhotonApp 
2022-02-09 09:46:53,800 [1] INFO  Photon.SocketServer.ApplicationBase - Using Server GC:True
2022-02-09 09:46:53,800 [1] INFO  Photon.SocketServer.ApplicationBase - Using GC LatencyMode:Interactive
2022-02-09 09:47:39,360 [1] INFO  Photon.SocketServer.ApplicationBase - Application is stopping: AppId=NameServer
2022-02-09 09:47:39,366 [1] INFO  Photon.SocketServer.ApplicationBase - Application stop: AppId=NameServer
2022-02-09 09:47:57,219 [1] INFO  Photon.NameServer.PhotonApp - Initializing ...
2022-02-09 09:47:57,226 [1] INFO  Photon.NameServer.PhotonApp - ServicePointManager.DefaultConnectionLimit=2147483647
2022-02-09 09:47:57,232 [1] INFO  Photon.NameServer.PhotonApp - TokenCreator initialized with an expiration of 00:30:00
2022-02-09 09:47:57,654 [1] INFO  Photon.Common.Authentication.Diagnostic.CustomAuthResultCounters - Performance counters successfully initialized: instanceName=LoadBalancing_Custom
2022-02-09 09:47:57,756 [1] INFO  Photon.SocketServer.Diagnostics.HttpQueuePerformanceCounters - Performance counters successfully initialized: instanceName=_Total
2022-02-09 09:47:57,866 [1] INFO  Photon.SocketServer.Diagnostics.HttpQueuePerformanceCounters - Performance counters successfully initialized: instanceName=LoadBalancing_Custom
2022-02-09 09:47:57,974 [1] INFO  Photon.Common.Authentication.Diagnostic.CustomAuthResultCounters - Performance counters successfully initialized: instanceName=LoadBalancing_Facebook
2022-02-09 09:47:58,081 [1] INFO  Photon.SocketServer.Diagnostics.HttpQueuePerformanceCounters - Performance counters successfully initialized: instanceName=LoadBalancing_Facebook
2022-02-09 09:47:58,190 [1] INFO  Photon.Common.Authentication.Diagnostic.CustomAuthResultCounters - Performance counters successfully initialized: instanceName=LoadBalancing_Oculus
2022-02-09 09:47:58,297 [1] INFO  Photon.SocketServer.Diagnostics.HttpQueuePerformanceCounters - Performance counters successfully initialized: instanceName=LoadBalancing_Oculus
2022-02-09 09:47:58,403 [1] INFO  Photon.Common.Authentication.Diagnostic.CustomAuthResultCounters - Performance counters successfully initialized: instanceName=LoadBalancing_Steam
2022-02-09 09:47:58,512 [1] INFO  Photon.SocketServer.Diagnostics.HttpQueuePerformanceCounters - Performance counters successfully initialized: instanceName=LoadBalancing_Steam
2022-02-09 09:47:58,619 [1] INFO  Photon.Common.Authentication.Diagnostic.CustomAuthResultCounters - Performance counters successfully initialized: instanceName=LoadBalancing_Viveport
2022-02-09 09:47:58,730 [1] INFO  Photon.SocketServer.Diagnostics.HttpQueuePerformanceCounters - Performance counters successfully initialized: instanceName=LoadBalancing_Viveport
2022-02-09 09:47:58,839 [1] INFO  Photon.SocketServer.ApplicationBase - Application start: AppId=NameServer; AppPath=D:\Photon-Server-Test\photon-server-plugin-sdk_v5-0-12-24499-rc1\deploy\NameServer, Type=Photon.NameServer.PhotonApp 
2022-02-09 09:47:58,839 [1] INFO  Photon.SocketServer.ApplicationBase - Using Server GC:True
2022-02-09 09:47:58,839 [1] INFO  Photon.SocketServer.ApplicationBase - Using GC LatencyMode:Interactive
2022-02-09 09:50:02,738 [1] INFO  Photon.SocketServer.ApplicationBase - Application is stopping: AppId=NameServer
2022-02-09 09:50:02,743 [1] INFO  Photon.SocketServer.ApplicationBase - Application stop: AppId=NameServer
2022-02-09 09:50:17,795 [1] INFO  Photon.NameServer.PhotonApp - Initializing ...
2022-02-09 09:50:17,803 [1] INFO  Photon.NameServer.PhotonApp - ServicePointManager.DefaultConnectionLimit=2147483647
2022-02-09 09:50:17,808 [1] INFO  Photon.NameServer.PhotonApp - TokenCreator initialized with an expiration of 00:30:00
2022-02-09 09:50:18,231 [1] INFO  Photon.Common.Authentication.Diagnostic.CustomAuthResultCounters - Performance counters successfully initialized: instanceName=LoadBalancing_Custom
2022-02-09 09:50:18,346 [1] INFO  Photon.SocketServer.Diagnostics.HttpQueuePerformanceCounters - Performance counters successfully initialized: instanceName=_Total
2022-02-09 09:50:18,454 [1] INFO  Photon.SocketServer.Diagnostics.HttpQueuePerformanceCounters - Performance counters successfully initialized: instanceName=LoadBalancing_Custom
2022-02-09 09:50:18,565 [1] INFO  Photon.Common.Authentication.Diagnostic.CustomAuthResultCounters - Performance counters successfully initialized: instanceName=LoadBalancing_Facebook
2022-02-09 09:50:18,673 [1] INFO  Photon.SocketServer.Diagnostics.HttpQueuePerformanceCounters - Performance counters successfully initialized: instanceName=LoadBalancing_Facebook
2022-02-09 09:50:18,783 [1] INFO  Photon.Common.Authentication.Diagnostic.CustomAuthResultCounters - Performance counters successfully initialized: instanceName=LoadBalancing_Oculus
2022-02-09 09:50:18,893 [1] INFO  Photon.SocketServer.Diagnostics.HttpQueuePerformanceCounters - Performance counters successfully initialized: instanceName=LoadBalancing_Oculus
2022-02-09 09:50:19,002 [1] INFO  Photon.Common.Authentication.Diagnostic.CustomAuthResultCounters - Performance counters successfully initialized: instanceName=LoadBalancing_Steam
2022-02-09 09:50:19,114 [1] INFO  Photon.SocketServer.Diagnostics.HttpQueuePerformanceCounters - Performance counters successfully initialized: instanceName=LoadBalancing_Steam
2022-02-09 09:50:19,223 [1] INFO  Photon.Common.Authentication.Diagnostic.CustomAuthResultCounters - Performance counters successfully initialized: instanceName=LoadBalancing_Viveport
2022-02-09 09:50:19,331 [1] INFO  Photon.SocketServer.Diagnostics.HttpQueuePerformanceCounters - Performance counters successfully initialized: instanceName=LoadBalancing_Viveport
2022-02-09 09:50:19,439 [1] INFO  Photon.SocketServer.ApplicationBase - Application start: AppId=NameServer; AppPath=D:\Photon-Server-Test\photon-server-plugin-sdk_v5-0-12-24499-rc1\deploy\NameServer, Type=Photon.NameServer.PhotonApp 
2022-02-09 09:50:19,439 [1] INFO  Photon.SocketServer.ApplicationBase - Using Server GC:True
2022-02-09 09:50:19,440 [1] INFO  Photon.SocketServer.ApplicationBase - Using GC LatencyMode:Interactive
2022-02-09 10:02:24,115 [1] INFO  Photon.SocketServer.ApplicationBase - Application is stopping: AppId=NameServer
2022-02-09 10:02:24,120 [1] INFO  Photon.SocketServer.ApplicationBase - Application stop: AppId=NameServer
